     1: /*****************************************************************************************//**
     2: * # PhilRobotics | Philippine Electronics and Robotics Enthusiasts Club #
     3: * http://philrobotics.com | http://philrobotics.com/forum | http://facebook.com/philrobotics
     4: * phirobotics.core@philrobotics.com
     5: *
     6: *---------------------------------------------------------------------------------------------
     7: * |Filename:      | "corelib_gpio.c"                            |
     8: * |:----          |:----                                        |
     9: * |Description:   | General Purpose Input/Output Hardware Abstraction Layer Header File for PIC |
    10: * |Revision:      | v01.01.00                                   |
    11: * |Author:        | Giancarlo Acelajado                         |
    12: * |               |                                             |
    13: * |Dependencies:  |                                             |
    14: *
    15: * > This program is free software: you can redistribute it and/or modify
    16: * > it under the terms of the GNU General Public License as published by
    17: * > the Free Software Foundation, either version 3 of the License, or
    18: * > (at your option) any later version.
    19: * > This program is distributed in the hope that it will be useful,
    20: * > but WITHOUT ANY WARRANTY; without even the implied warranty of
    21: * > MERCHANTABILITY or FITNESS FOR A PARTICULAR PURPOSE.  See the
    22: * > GNU General Public License for more details.
    23: * > <BR><BR>
    24: * > You should have received a copy of the GNU General Public License
    25: * > along with this program. If not, see http://www.gnu.org/licenses/
    26: * <BR>
    27: *---------------------------------------------------------------------------------------------
    28: * |FW Version   |Date       |Author             |Description                        |
    29: * |:----        |:----      |:----              |:----                              |
    30: * |v01.00.00    |201209xx   |Giancarlo A.       |Leverage Library to Standard Architecture|
    31: * |v01.00.01    |20130405   |ESCII              |Separated module to HAL and Corelib|
    32: * |v01.01.00    |20130514   |ESCII              |Code Formatted                     |
    33: *********************************************************************************************/
    34: #define __SHOW_MODULE_HEADER__ /*!< \brief This section includes the Module Header on the documentation */
    35: #undef  __SHOW_MODULE_HEADER__
    36: 
    37: #include "corelib_gpio.h"
    38: 
    39: /* Local Constants */
    40: /* none */
    41: 
    42: /* Local Variables */
    43: /* none */
    44: 
    45: /* Private Function Prototypes */
    46: /* none */
    47: 
    48: /* Public Functions */
    49: /*******************************************************************************//**
    50: * \brief Initialize Pin default state and data direction
    51: *
    52: * > This function is called to initialize pin default state and data direction
    53: *
    54: * > <BR>
    55: * > **Syntax:**<BR>
    56: * >     setupGpio()
    57: * > <BR><BR>
    58: * > **Parameters:**<BR>
    59: * >     none
    60: * > <BR><BR>
    61: * > **Returns:**<BR>
    62: * >     none
    63: * > <BR><BR>
    64: ***********************************************************************************/
    65: void setupGpio(void)
    66: {
    67:     /* Port Value and Direction */
    68: #ifdef PORTA_ACTIVE
    69:     PORTA_OUT = PORTA_OUT_DEF;
    70:     PORTA_DIR = PORTA_DIR_DEF;
    71: #endif
    72: #ifdef PORTB_ACTIVE
    73:     PORTB_OUT = PORTB_OUT_DEF;
    74:     PORTB_DIR = PORTB_DIR_DEF;
    75: #endif
    76: #ifdef PORTC_ACTIVE
    77:     PORTC_OUT = PORTC_OUT_DEF;
    78:     PORTC_DIR = PORTC_DIR_DEF;
    79: #endif
    80: #ifdef PORTD_ACTIVE
    81:     PORTD_OUT = PORTD_OUT_DEF;
    82:     PORTD_DIR = PORTD_DIR_DEF;
    83: #endif
    84: #ifdef PORTE_ACTIVE
    85:     PORTE_OUT = PORTE_OUT_DEF;
    86:     PORTE_DIR = PORTE_DIR_DEF;
    87: #endif
    88: }
    89: 
    90: /* Private Functions */
    91: /* none */
    92: 
    93: /* end of corelib_gpio.c */
    94: //--------------------------------------------------------------------------------------------------------------------------------------------------------------------------