     1: #include <PhilRoboKit_CoreLib_Macro.h>#include <soft_dac.h>
     2: 
     3: #define LED_UPDATE_INTERVAL    100
     4: 
     5: static uint16_t LoopTimer,TimerDelta;
     6: static uint8_t  LEDCounter, ADCOutValue = 0;
     7: static uint8_t  LogLookup[25] = {0,0,0,0,0,1,2,3,5,8,11,16,23,32,45,64,90,127,180,255,255,255,255,255,255};     
     8: static bool_t   LEDDirection;
     9: static uint16_t BlinkTimer;
    10: 
    11: void init()
    12: {
    13:         setupSoftDAC(SDAC0, LED1, ADCOutValue);
    14:     LoopTimer = getMs();     
    15: }
    16: 
    17: void cycle()
    18: {
    19:         TimerDelta = getElapsedMs(LoopTimer);
    20:         
    21:         if(TimerDelta >= LED_UPDATE_INTERVAL)
    22:         {
    23:                 LoopTimer = getMs();                            // get time stamp
    24: 
    25:                 if(LEDCounter >= 24)
    26:                 {
    27:                         LEDCounter=24;
    28:                         LEDDirection = FALSE;
    29:                 }
    30:                 else if(LEDCounter <= 1)
    31:                 {
    32:                         LEDDirection = TRUE;
    33:                         LEDCounter=1;
    34:                 }
    35:                 else
    36:                 {
    37:                         /* Do Nothing */
    38:                 }
    39: 
    40:                 if(LEDDirection)
    41:                 {
    42:                         LEDCounter++;
    43:                 }
    44:                 else
    45:                 {
    46:                         LEDCounter--;
    47:                 }
    48: 
    49:                 ADCOutValue = LogLookup[LEDCounter];
    50:                 setSoftDAC(SDAC0, ADCOutValue); 
    51:         }
    52: }
